2023-02-17 06:23:54 Staff ID, admin logged In
2023-02-17 06:26:00 New Staff With Staff ID , BHIS170220230002 Created By admin 
2023-02-17 06:28:35 Records of staff with ID , BHIS170220230002 Updated By admin 
2023-02-17 06:29:46 Records of staff with ID , BHIS170220230002 Updated By admin 
2023-02-17 06:38:00 Staff ID, admin logged In
2023-02-17 06:44:11 Staff ID, admin logged In
2023-02-17 06:45:18 New Staff With Staff ID , BHIS170220220003 Created By admin 
2023-02-17 06:46:02 Records of staff with ID , BHIS170220220003 Updated By admin 
2023-02-17 06:47:34 Records of staff with ID , BHIS170220220003 Updated By admin 
2023-02-17 06:48:29 Records of staff with ID , BHIS170220220003 Updated By admin 
2023-02-17 06:48:54 Records of staff with ID , BHIS170220230002 Updated By admin 
2023-02-17 07:29:03 New Product, STUDENT LACOSTE , Was Added By admin 
2023-02-17 07:29:31 New Product, STUDENT LACOSTE , Was Added By admin 
2023-02-17 07:53:26 New Product, STUDENT LACOSTEE , Was Added By admin 
2023-02-17 07:53:26 Product, STUDENT LACOSTEE , Was Updated By admin 
2023-02-17 08:07:44 Product, STUDENT LACOSTEEE , Was Updated By admin 
2023-02-17 08:10:38 Product, STUDENT LACOSTEEEE , Was Updated By admin 
2023-02-17 08:11:03 Product, STUDENT LACOSTEEEE , Was Updated By admin 
2023-02-17 08:11:27 Product, STUDENT LACOSTEEEE , Was Updated By admin 
2023-02-17 08:11:41 Product, STUDENT LACOSTEEEE , Was Updated By admin 
2023-02-17 08:11:49 Product, STUDENT LACOSTEEEE , Was Updated By admin 
2023-02-17 08:11:56 Product, STUDENT LACOSTEEEE , Was Updated By admin 
2023-02-17 08:21:26 Product, STUDENT LACOSTE , Was Updated By admin 
2023-02-17 08:21:50 New Product, PE KIT , Was Added By admin 
2023-02-17 18:56:09 Staff ID, admin logged In
